<?xml version="1.0" encoding="UTF-8"?>
<!-- Generated by org.testng.reporters.JUnitXMLReporter -->
<testsuite ignored="1" hostname="OSIYA" failures="0" tests="2" name="chrome" time="1.186" errors="0" timestamp="2023-03-10T16:17:19 IST">
  <testcase classname="testPackage.BaseClass" name="@BeforeTest beforeTest" time="1.067">
    <failure type="java.lang.NoSuchMethodError" message="&amp;apos;com.google.common.collect.ImmutableMap com.google.common.collect.ImmutableMap.of(java.lang.Object, java.lang.Object, java.lang.Object, java.lang.Object, java.lang.Object, java.lang.Object, java.lang.Object, java.lang.Object, java.lang.Object, java.lang.Object, java.lang.Object, java.lang.Object)&amp;apos;">
      <![CDATA[java.lang.NoSuchMethodError: 'com.google.common.collect.ImmutableMap com.google.common.collect.ImmutableMap.of(java.lang.Object, java.lang.Object, java.lang.Object, java.lang.Object, java.lang.Object, java.lang.Object, java.lang.Object, java.lang.Object, java.lang.Object, java.lang.Object, java.lang.Object, java.lang.Object)'
at org.openqa.selenium.chrome.AddHasCasting.getAdditionalCommands(AddHasCasting.java:38)
at org.openqa.selenium.chrome.ChromeDriver$ChromeDriverCommandExecutor.getExtraCommands(ChromeDriver.java:99)
at org.openqa.selenium.chrome.ChromeDriver$ChromeDriverCommandExecutor.<init>(ChromeDriver.java:94)
at org.openqa.selenium.chrome.ChromeDriver.<init>(ChromeDriver.java:82)
at org.openqa.selenium.chrome.ChromeDriver.<init>(ChromeDriver.java:50)
at testUtility.StaticBrowser.openBrowser(StaticBrowser.java:18)
at testPackage.BaseClass.beforeTest(BaseClass.java:19)
... Removed 22 stack frames]]>
    </failure>
  </testcase> <!-- @BeforeTest beforeTest -->
  <testcase classname="testPackage.DashboardPage_TestClass" name="@BeforeTest beforeTest" time="0.0">
    <skipped/>
  </testcase> <!-- @BeforeTest beforeTest -->
  <testcase classname="testPackage.LoginPage_TestClass" name="@BeforeClass beforeClass" time="0.0">
    <skipped/>
  </testcase> <!-- @BeforeClass beforeClass -->
  <testcase classname="testPackage.LoginPage_TestClass" name="@BeforeMethod beforeMethod" time="0.0">
    <skipped/>
  </testcase> <!-- @BeforeMethod beforeMethod -->
  <testcase classname="testPackage.LoginPage_TestClass" name="@AfterMethod afterMethod" time="0.0">
    <skipped/>
  </testcase> <!-- @AfterMethod afterMethod -->
  <testcase classname="testPackage.BaseClass" name="@AfterClass afterClass" time="0.0">
    <skipped/>
  </testcase> <!-- @AfterClass afterClass -->
  <testcase classname="testPackage.DashboardPage_TestClass" name="@BeforeClass beforeClass" time="0.0">
    <skipped/>
  </testcase> <!-- @BeforeClass beforeClass -->
  <testcase classname="testPackage.DashboardPage_TestClass" name="@BeforeMethod beforeMethod" time="0.0">
    <skipped/>
  </testcase> <!-- @BeforeMethod beforeMethod -->
  <testcase classname="testPackage.DashboardPage_TestClass" name="@AfterMethod afterMethod" time="0.0">
    <skipped/>
  </testcase> <!-- @AfterMethod afterMethod -->
  <testcase classname="testPackage.DashboardPage_TestClass" name="@AfterClass afterClass" time="0.0">
    <skipped/>
  </testcase> <!-- @AfterClass afterClass -->
  <testcase classname="testPackage.DashboardPage_TestClass" name="@AfterTest afterTest" time="0.0">
    <skipped/>
  </testcase> <!-- @AfterTest afterTest -->
  <testcase classname="testPackage.LoginPage_TestClass" name="VerifyLoginPageWithValidDetails" time="0.0">
    <skipped/>
  </testcase> <!-- VerifyLoginPageWithValidDetails -->
  <testcase classname="testPackage.DashboardPage_TestClass" name="verifyTabsPresentOnDashboardPage" time="0.0">
    <skipped/>
  </testcase> <!-- verifyTabsPresentOnDashboardPage -->
  <testcase classname="testPackage.BaseClass" name="@BeforeTest beforeTest" time="0.0">
    <ignored/>
  </testcase> <!-- @BeforeTest beforeTest -->
</testsuite> <!-- chrome -->
