<?xml version="1.0" encoding="UTF-8"?>
<!-- Generated by org.testng.reporters.JUnitXMLReporter -->
<testsuite ignored="6" hostname="OSIYA" failures="1" tests="6" name="OrangeHRM" time="30.079" errors="0" timestamp="2023-03-23T11:23:51 IST">
  <testcase classname="testPackage.LoginPage_TestClass" name="VerifyLoginPage" time="0.05">
    <failure type="java.lang.AssertionError" message="null">
      <![CDATA[java.lang.AssertionError: null
at testPackage.LoginPage_TestClass.VerifyLoginPage(LoginPage_TestClass.java:53)
at java.base/java.util.ArrayList.forEach(ArrayList.java:1511)
... Removed 27 stack frames]]>
    </failure>
  </testcase> <!-- VerifyLoginPage -->
  <testcase classname="testPackage.LoginPage_TestClass" name="VerifyLoginPageWithInvalidDetails1" time="3.143"/>
  <testcase classname="testPackage.LoginPage_TestClass" name="VerifyLoginPageWithInvalidDetails2" time="1.584"/>
  <testcase classname="testPackage.LoginPage_TestClass" name="VerifyLoginPageWithValidDetails" time="2.212"/>
  <testcase classname="testPackage.DashboardPage_TestClass" name="verifyTabsPresentOnDashboardPage" time="2.015"/>
  <testcase classname="testPackage.AdminPage_TestClass" name="sendDataInAdminPage" time="4.89"/>
  <testcase classname="testPackage.BaseClass" name="@BeforeTest beforeTest" time="0.0">
    <ignored/>
  </testcase> <!-- @BeforeTest beforeTest -->
  <testcase classname="testPackage.BaseClass" name="@BeforeTest beforeTest" time="0.0">
    <ignored/>
  </testcase> <!-- @BeforeTest beforeTest -->
  <testcase classname="testPackage.BaseClass" name="@BeforeTest beforeTest" time="0.0">
    <ignored/>
  </testcase> <!-- @BeforeTest beforeTest -->
  <testcase classname="testPackage.BaseClass" name="@AfterTest afterTest" time="0.0">
    <ignored/>
  </testcase> <!-- @AfterTest afterTest -->
  <testcase classname="testPackage.BaseClass" name="@AfterTest afterTest" time="0.0">
    <ignored/>
  </testcase> <!-- @AfterTest afterTest -->
  <testcase classname="testPackage.BaseClass" name="@AfterTest afterTest" time="0.0">
    <ignored/>
  </testcase> <!-- @AfterTest afterTest -->
</testsuite> <!-- OrangeHRM -->
