<?xml version="1.0" encoding="UTF-8"?>
<!-- Generated by org.testng.reporters.JUnitXMLReporter -->
<testsuite ignored="0" hostname="OSIYA" failures="1" tests="2" name="OrangeHRM_TestSuite" time="16.06" errors="0" timestamp="2023-03-07T15:18:51 IST">
  <testcase classname="test_Classes.DashboardPage_TestClass" name="@AfterTest afterTest" time="0.001">
    <failure type="java.lang.NullPointerException" message="Cannot invoke &amp;quot;org.openqa.selenium.WebDriver.quit()&amp;quot; because &amp;quot;this.driver&amp;quot; is null">
      <![CDATA[java.lang.NullPointerException: Cannot invoke "org.openqa.selenium.WebDriver.quit()" because "this.driver" is null
at test_Classes.DashboardPage_TestClass.afterTest(DashboardPage_TestClass.java:84)
... Removed 22 stack frames]]>
    </failure>
  </testcase> <!-- @AfterTest afterTest -->
  <testcase classname="test_Classes.LoginPage_TestClass" name="VerifyLoginPageWithValidDetails" time="5.709"/>
  <testcase classname="test_Classes.DashboardPage_TestClass" name="verifyTabsPresentOnDashboardPage" time="0.012">
    <failure type="java.lang.NullPointerException" message="Cannot invoke &amp;quot;pom_Packages.DashboardPage_OrangeHRM.CheckVisibilityOfAdminTab()&amp;quot; because &amp;quot;this.dashboard&amp;quot; is null">
      <![CDATA[java.lang.NullPointerException: Cannot invoke "pom_Packages.DashboardPage_OrangeHRM.CheckVisibilityOfAdminTab()" because "this.dashboard" is null
at test_Classes.DashboardPage_TestClass.verifyTabsPresentOnDashboardPage(DashboardPage_TestClass.java:35)
at java.base/java.util.ArrayList.forEach(ArrayList.java:1511)
... Removed 25 stack frames]]>
    </failure>
  </testcase> <!-- verifyTabsPresentOnDashboardPage -->
</testsuite> <!-- OrangeHRM_TestSuite -->
